<?xml version="1.0" encoding="UTF-8"?>
<testsuite name="powerpackage.powertest" tests="1" skipped="0" failures="0" errors="0" timestamp="2022-01-22T15:08:50" hostname="DESKTOP-GJPFM3M" time="0.002">
  <properties/>
  <testcase name="one_raised_to_one_is_one" classname="powerpackage.powertest" time="0.002"/>
  <system-out><![CDATA[]]></system-out>
  <system-err><![CDATA[]]></system-err>
</testsuite>
